<?xml version="1.0" encoding="utf-8"?>
<TestRun id="961001cb-c6b8-4034-b559-560951a85544" name="SYSTEM@PAYTON-LEGION2 2026-09-20 03:41:49" runUser="PAYTON-LEGION2\kingd" xmlns="http://microsoft.com/schemas/VisualStudio/TeamTest/2010">
  <Times creation="2026-09-20T03:41:49.1893660-05:00" queuing="2026-09-20T03:41:49.1893672-05:00" start="2026-09-20T03:41:48.2681672-05:00" finish="2026-09-20T03:41:49.2285882-05:00" />
  <TestSettings name="default" id="15c9b322-a264-45fa-a682-1698354346cb">
    <Deployment runDeploymentRoot="SYSTEM_PAYTON-LEGION2_2026-09-20_03_41_49" />
  </TestSettings>
  <Results>
    <UnitTestResult executionId="ef62e8e0-555d-41fb-9dd3-616e4bbbdfab" testId="34454f86-914d-8409-3db8-0e7017244281" testName="SharpNinja.FeatureFlags.Admin.Blazor.Tests.AdminAuthorizationBoundaryTests.AnonymousMutationRejectsForgedPrivileges(operation: &quot;publish&quot;)" computerName="PAYTON-LEGION2" duration="00:00:00.0001286" startTime="2026-09-20T03:41:49.1195788-05:00" endTime="2026-09-20T03:41:49.1196156-05:00" testType="13cdc9d9-ddb5-4fa4-a97d-d965ccfc6d4b" outcome="Failed" testListId="8c84fa94-04c1-424b-9868-57a2d4851a1d" relativeResultsDirectory="ef62e8e0-555d-41fb-9dd3-616e4bbbdfab">
      <Output>
        <ErrorInfo>
          <Message>Assert.Throws() Failure: No exception was thrown&#xD;
Expected: typeof(System.UnauthorizedAccessException)</Message>
          <StackTrace>   at SharpNinja.FeatureFlags.Admin.Blazor.Tests.AdminAuthorizationBoundaryTests.AnonymousMutationRejectsForgedPrivileges(String operation) in F:\GitHub\TruckMate\submodules\FeatureFlags\tests\SharpNinja.FeatureFlags.Admin.Blazor.Tests\AdminAuthorizationBoundaryTests.cs:line 33&#xD;
--- End of stack trace from previous location ---</StackTrace>
        </ErrorInfo>
      </Output>
    </UnitTestResult>
    <UnitTestResult executionId="e04748f4-0582-441b-9c05-b3ac7d5812ff" testId="fbd85794-a376-ba33-41e9-784c4e710424" testName="SharpNinja.FeatureFlags.Admin.Blazor.Tests.AdminAuthorizationBoundaryTests.ViewerMutationRejectsForgedPrivileges(operation: &quot;update&quot;)" computerName="PAYTON-LEGION2" duration="00:00:00.0565762" startTime="2026-09-20T03:41:49.0226863-05:00" endTime="2026-09-20T03:41:49.0961193-05:00" testType="13cdc9d9-ddb5-4fa4-a97d-d965ccfc6d4b" outcome="Failed" testListId="8c84fa94-04c1-424b-9868-57a2d4851a1d" relativeResultsDirectory="e04748f4-0582-441b-9c05-b3ac7d5812ff">
      <Output>
        <ErrorInfo>
          <Message>Assert.Throws() Failure: No exception was thrown&#xD;
Expected: typeof(System.UnauthorizedAccessException)</Message>
          <StackTrace>   at SharpNinja.FeatureFlags.Admin.Blazor.Tests.AdminAuthorizationBoundaryTests.ViewerMutationRejectsForgedPrivileges(String operation) in F:\GitHub\TruckMate\submodules\FeatureFlags\tests\SharpNinja.FeatureFlags.Admin.Blazor.Tests\AdminAuthorizationBoundaryTests.cs:line 52&#xD;
--- End of stack trace from previous location ---</StackTrace>
        </ErrorInfo>
      </Output>
    </UnitTestResult>
    <UnitTestResult executionId="cde0213f-e62b-4bbf-a650-17f0666c6922" testId="0eaaad29-27fb-88d6-d41e-b68f33f986ad" testName="SharpNinja.FeatureFlags.Admin.Blazor.Tests.AdminAuthorizationBoundaryTests.EditorCreateAuditsAuthenticatedActor" computerName="PAYTON-LEGION2" duration="00:00:00.0050315" startTime="2026-09-20T03:41:49.1553912-05:00" endTime="2026-09-20T03:41:49.1554532-05:00" testType="13cdc9d9-ddb5-4fa4-a97d-d965ccfc6d4b" outcome="Failed" testListId="8c84fa94-04c1-424b-9868-57a2d4851a1d" relativeResultsDirectory="cde0213f-e62b-4bbf-a650-17f0666c6922">
      <Output>
        <ErrorInfo>
          <Message>Assert.Equal() Failure: Strings differ&#xD;
           ↓ (pos 0)&#xD;
Expected: "real-editor"&#xD;
Actual:   "forged-editor"&#xD;
           ↑ (pos 0)</Message>
          <StackTrace>   at SharpNinja.FeatureFlags.Admin.Blazor.Tests.AdminAuthorizationBoundaryTests.EditorCreateAuditsAuthenticatedActor() in F:\GitHub\TruckMate\submodules\FeatureFlags\tests\SharpNinja.FeatureFlags.Admin.Blazor.Tests\AdminAuthorizationBoundaryTests.cs:line 67&#xD;
--- End of stack trace from previous location ---</StackTrace>
        </ErrorInfo>
      </Output>
    </UnitTestResult>
    <UnitTestResult executionId="ead05cf3-8aa1-41ff-8eeb-0de34d4c85e5" testId="13344583-3da5-7156-2ddb-40ca5d25569a" testName="SharpNinja.FeatureFlags.Admin.Blazor.Tests.AdminAuthorizationBoundaryTests.AnonymousMutationRejectsForgedPrivileges(operation: &quot;promote&quot;)" computerName="PAYTON-LEGION2" duration="00:00:00.0001533" startTime="2026-09-20T03:41:49.1191458-05:00" endTime="2026-09-20T03:41:49.1191892-05:00" testType="13cdc9d9-ddb5-4fa4-a97d-d965ccfc6d4b" outcome="Failed" testListId="8c84fa94-04c1-424b-9868-57a2d4851a1d" relativeResultsDirectory="ead05cf3-8aa1-41ff-8eeb-0de34d4c85e5">
      <Output>
        <ErrorInfo>
          <Message>Assert.Throws() Failure: No exception was thrown&#xD;
Expected: typeof(System.UnauthorizedAccessException)</Message>
          <StackTrace>   at SharpNinja.FeatureFlags.Admin.Blazor.Tests.AdminAuthorizationBoundaryTests.AnonymousMutationRejectsForgedPrivileges(String operation) in F:\GitHub\TruckMate\submodules\FeatureFlags\tests\SharpNinja.FeatureFlags.Admin.Blazor.Tests\AdminAuthorizationBoundaryTests.cs:line 33&#xD;
--- End of stack trace from previous location ---</StackTrace>
        </ErrorInfo>
      </Output>
    </UnitTestResult>
    <UnitTestResult executionId="69e25f62-b63b-46a7-861f-3880a7b02ebb" testId="aff81d43-af51-9d39-336e-5a6dbbdc4985" testName="SharpNinja.FeatureFlags.Admin.Blazor.Tests.AdminAuthorizationBoundaryTests.AnonymousMutationRejectsForgedPrivileges(operation: &quot;create&quot;)" computerName="PAYTON-LEGION2" duration="00:00:00.0003304" startTime="2026-09-20T03:41:49.1187523-05:00" endTime="2026-09-20T03:41:49.1188016-05:00" testType="13cdc9d9-ddb5-4fa4-a97d-d965ccfc6d4b" outcome="Failed" testListId="8c84fa94-04c1-424b-9868-57a2d4851a1d" relativeResultsDirectory="69e25f62-b63b-46a7-861f-3880a7b02ebb">
      <Output>
        <ErrorInfo>
          <Message>Assert.Throws() Failure: No exception was thrown&#xD;
Expected: typeof(System.UnauthorizedAccessException)</Message>
          <StackTrace>   at SharpNinja.FeatureFlags.Admin.Blazor.Tests.AdminAuthorizationBoundaryTests.AnonymousMutationRejectsForgedPrivileges(String operation) in F:\GitHub\TruckMate\submodules\FeatureFlags\tests\SharpNinja.FeatureFlags.Admin.Blazor.Tests\AdminAuthorizationBoundaryTests.cs:line 33&#xD;
--- End of stack trace from previous location ---</StackTrace>
        </ErrorInfo>
      </Output>
    </UnitTestResult>
    <UnitTestResult executionId="4d73d49f-e462-4de2-a74c-c7e17c529ac1" testId="cc0121ba-0027-c455-e805-84e7cd0f0cfe" testName="SharpNinja.FeatureFlags.Admin.Blazor.Tests.AdminAuthorizationBoundaryTests.ViewerMutationRejectsForgedPrivileges(operation: &quot;publish&quot;)" computerName="PAYTON-LEGION2" duration="00:00:00.0015044" startTime="2026-09-20T03:41:49.1168815-05:00" endTime="2026-09-20T03:41:49.1169246-05:00" testType="13cdc9d9-ddb5-4fa4-a97d-d965ccfc6d4b" outcome="Failed" testListId="8c84fa94-04c1-424b-9868-57a2d4851a1d" relativeResultsDirectory="4d73d49f-e462-4de2-a74c-c7e17c529ac1">
      <Output>
        <ErrorInfo>
          <Message>Assert.Throws() Failure: No exception was thrown&#xD;
Expected: typeof(System.UnauthorizedAccessException)</Message>
          <StackTrace>   at SharpNinja.FeatureFlags.Admin.Blazor.Tests.AdminAuthorizationBoundaryTests.ViewerMutationRejectsForgedPrivileges(String operation) in F:\GitHub\TruckMate\submodules\FeatureFlags\tests\SharpNinja.FeatureFlags.Admin.Blazor.Tests\AdminAuthorizationBoundaryTests.cs:line 52&#xD;
--- End of stack trace from previous location ---</StackTrace>
        </ErrorInfo>
      </Output>
    </UnitTestResult>
    <UnitTestResult executionId="61a5316c-26d8-4311-a3b7-71aca822ef79" testId="ab48e55c-8dea-fed3-52e8-5eacb2281b2d" testName="SharpNinja.FeatureFlags.Admin.Blazor.Tests.AdminAuthorizationBoundaryTests.ViewerMutationRejectsForgedPrivileges(operation: &quot;promote&quot;)" computerName="PAYTON-LEGION2" duration="00:00:00.0025238" startTime="2026-09-20T03:41:49.1163846-05:00" endTime="2026-09-20T03:41:49.1164345-05:00" testType="13cdc9d9-ddb5-4fa4-a97d-d965ccfc6d4b" outcome="Failed" testListId="8c84fa94-04c1-424b-9868-57a2d4851a1d" relativeResultsDirectory="61a5316c-26d8-4311-a3b7-71aca822ef79">
      <Output>
        <ErrorInfo>
          <Message>Assert.Throws() Failure: No exception was thrown&#xD;
Expected: typeof(System.UnauthorizedAccessException)</Message>
          <StackTrace>   at SharpNinja.FeatureFlags.Admin.Blazor.Tests.AdminAuthorizationBoundaryTests.ViewerMutationRejectsForgedPrivileges(String operation) in F:\GitHub\TruckMate\submodules\FeatureFlags\tests\SharpNinja.FeatureFlags.Admin.Blazor.Tests\AdminAuthorizationBoundaryTests.cs:line 52&#xD;
--- End of stack trace from previous location ---</StackTrace>
        </ErrorInfo>
      </Output>
    </UnitTestResult>
    <UnitTestResult executionId="1975f0aa-5fcd-48c5-a7ca-c4212238e9f9" testId="3648846c-d177-c9f9-cf58-f2ac72b819d5" testName="SharpNinja.FeatureFlags.Admin.Blazor.Tests.AdminAuthorizationBoundaryTests.AnonymousMutationRejectsForgedPrivileges(operation: &quot;update&quot;)" computerName="PAYTON-LEGION2" duration="00:00:00.0012281" startTime="2026-09-20T03:41:49.1182338-05:00" endTime="2026-09-20T03:41:49.1182773-05:00" testType="13cdc9d9-ddb5-4fa4-a97d-d965ccfc6d4b" outcome="Failed" testListId="8c84fa94-04c1-424b-9868-57a2d4851a1d" relativeResultsDirectory="1975f0aa-5fcd-48c5-a7ca-c4212238e9f9">
      <Output>
        <ErrorInfo>
          <Message>Assert.Throws() Failure: No exception was thrown&#xD;
Expected: typeof(System.UnauthorizedAccessException)</Message>
          <StackTrace>   at SharpNinja.FeatureFlags.Admin.Blazor.Tests.AdminAuthorizationBoundaryTests.AnonymousMutationRejectsForgedPrivileges(String operation) in F:\GitHub\TruckMate\submodules\FeatureFlags\tests\SharpNinja.FeatureFlags.Admin.Blazor.Tests\AdminAuthorizationBoundaryTests.cs:line 33&#xD;
--- End of stack trace from previous location ---</StackTrace>
        </ErrorInfo>
      </Output>
    </UnitTestResult>
    <UnitTestResult executionId="cf9ab1dc-71e6-468a-8fde-37a2461c2b1d" testId="95d3abe3-11b7-f7b8-2ffa-e670a8c70f7e" testName="SharpNinja.FeatureFlags.Admin.Blazor.Tests.AdminAuthorizationBoundaryTests.ViewerMutationRejectsForgedPrivileges(operation: &quot;create&quot;)" computerName="PAYTON-LEGION2" duration="00:00:00.0024642" startTime="2026-09-20T03:41:49.1149841-05:00" endTime="2026-09-20T03:41:49.1151165-05:00" testType="13cdc9d9-ddb5-4fa4-a97d-d965ccfc6d4b" outcome="Failed" testListId="8c84fa94-04c1-424b-9868-57a2d4851a1d" relativeResultsDirectory="cf9ab1dc-71e6-468a-8fde-37a2461c2b1d">
      <Output>
        <ErrorInfo>
          <Message>Assert.Throws() Failure: No exception was thrown&#xD;
Expected: typeof(System.UnauthorizedAccessException)</Message>
          <StackTrace>   at SharpNinja.FeatureFlags.Admin.Blazor.Tests.AdminAuthorizationBoundaryTests.ViewerMutationRejectsForgedPrivileges(String operation) in F:\GitHub\TruckMate\submodules\FeatureFlags\tests\SharpNinja.FeatureFlags.Admin.Blazor.Tests\AdminAuthorizationBoundaryTests.cs:line 52&#xD;
--- End of stack trace from previous location ---</StackTrace>
        </ErrorInfo>
      </Output>
    </UnitTestResult>
    <UnitTestResult executionId="7b1bd2bf-10c4-4638-b6fb-8bad56e45f2f" testId="c2951603-d509-699e-2f9c-7a561968f3ec" testName="SharpNinja.FeatureFlags.Admin.Blazor.Tests.AdminAuthorizationBoundaryTests.EveryAdminRouteRequiresAuthorization" computerName="PAYTON-LEGION2" duration="00:00:00.0070143" startTime="2026-09-20T03:41:49.1201042-05:00" endTime="2026-09-20T03:41:49.1201464-05:00" testType="13cdc9d9-ddb5-4fa4-a97d-d965ccfc6d4b" outcome="Failed" testListId="8c84fa94-04c1-424b-9868-57a2d4851a1d" relativeResultsDirectory="7b1bd2bf-10c4-4638-b6fb-8bad56e45f2f">
      <Output>
        <ErrorInfo>
          <Message>Assert.All() Failure: 9 out of 9 items in the collection did not pass.&#xD;
[0]: Item:  typeof(SharpNinja.FeatureFlags.Admin.Blazor.Components.Pages.AuditTrail)&#xD;
     Error: Assert.NotEmpty() Failure: Collection was empty&#xD;
[1]: Item:  typeof(SharpNinja.FeatureFlags.Admin.Blazor.Components.Pages.Dashboard)&#xD;
     Error: Assert.NotEmpty() Failure: Collection was empty&#xD;
[2]: Item:  typeof(SharpNinja.FeatureFlags.Admin.Blazor.Components.Pages.FlagCreate)&#xD;
     Error: Assert.NotEmpty() Failure: Collection was empty&#xD;
[3]: Item:  typeof(SharpNinja.FeatureFlags.Admin.Blazor.Components.Pages.FlagEdit)&#xD;
     Error: Assert.NotEmpty() Failure: Collection was empty&#xD;
[4]: Item:  typeof(SharpNinja.FeatureFlags.Admin.Blazor.Components.Pages.FlagList)&#xD;
     Error: Assert.NotEmpty() Failure: Collection was empty&#xD;
[5]: Item:  typeof(SharpNinja.FeatureFlags.Admin.Blazor.Components.Pages.FlagPromote)&#xD;
     Error: Assert.NotEmpty() Failure: Collection was empty&#xD;
[6]: Item:  typeof(SharpNinja.FeatureFlags.Admin.Blazor.Components.Pages.FlagPublish)&#xD;
     Error: Assert.NotEmpty() Failure: Collection was empty&#xD;
[7]: Item:  typeof(SharpNinja.FeatureFlags.Admin.Blazor.Components.Pages.Metrics)&#xD;
     Error: Assert.NotEmpty() Failure: Collection was empty&#xD;
[8]: Item:  typeof(SharpNinja.FeatureFlags.Admin.Blazor.Components.Pages.Rbac)&#xD;
     Error: Assert.NotEmpty() Failure: Collection was empty</Message>
          <StackTrace>   at SharpNinja.FeatureFlags.Admin.Blazor.Tests.AdminAuthorizationBoundaryTests.EveryAdminRouteRequiresAuthorization() in F:\GitHub\TruckMate\submodules\FeatureFlags\tests\SharpNinja.FeatureFlags.Admin.Blazor.Tests\AdminAuthorizationBoundaryTests.cs:line 83&#xD;
   at System.Reflection.MethodBaseInvoker.InterpretedInvoke_Method(Object obj, IntPtr* args)&#xD;
   at System.Reflection.MethodBaseInvoker.InvokeWithNoArgs(Object obj, BindingFlags invokeAttr)</StackTrace>
        </ErrorInfo>
      </Output>
    </UnitTestResult>
  </Results>
  <TestDefinitions>
    <UnitTest name="SharpNinja.FeatureFlags.Admin.Blazor.Tests.AdminAuthorizationBoundaryTests.ViewerMutationRejectsForgedPrivileges(operation: &quot;promote&quot;)" storage="f:\github\truckmate\submodules\featureflags\tests\sharpninja.featureflags.admin.blazor.tests\bin\debug\net10.0\sharpninja.featureflags.admin.blazor.tests.dll" id="ab48e55c-8dea-fed3-52e8-5eacb2281b2d">
      <Execution id="61a5316c-26d8-4311-a3b7-71aca822ef79" />
      <TestMethod codeBase="F:\GitHub\TruckMate\submodules\FeatureFlags\tests\SharpNinja.FeatureFlags.Admin.Blazor.Tests\bin\Debug\net10.0\SharpNinja.FeatureFlags.Admin.Blazor.Tests.dll" adapterTypeName="executor://xunit/VsTestRunner3/netcore/" className="SharpNinja.FeatureFlags.Admin.Blazor.Tests.AdminAuthorizationBoundaryTests" name="ViewerMutationRejectsForgedPrivileges" />
    </UnitTest>
    <UnitTest name="SharpNinja.FeatureFlags.Admin.Blazor.Tests.AdminAuthorizationBoundaryTests.AnonymousMutationRejectsForgedPrivileges(operation: &quot;create&quot;)" storage="f:\github\truckmate\submodules\featureflags\tests\sharpninja.featureflags.admin.blazor.tests\bin\debug\net10.0\sharpninja.featureflags.admin.blazor.tests.dll" id="aff81d43-af51-9d39-336e-5a6dbbdc4985">
      <Execution id="69e25f62-b63b-46a7-861f-3880a7b02ebb" />
      <TestMethod codeBase="F:\GitHub\TruckMate\submodules\FeatureFlags\tests\SharpNinja.FeatureFlags.Admin.Blazor.Tests\bin\Debug\net10.0\SharpNinja.FeatureFlags.Admin.Blazor.Tests.dll" adapterTypeName="executor://xunit/VsTestRunner3/netcore/" className="SharpNinja.FeatureFlags.Admin.Blazor.Tests.AdminAuthorizationBoundaryTests" name="AnonymousMutationRejectsForgedPrivileges" />
    </UnitTest>
    <UnitTest name="SharpNinja.FeatureFlags.Admin.Blazor.Tests.AdminAuthorizationBoundaryTests.AnonymousMutationRejectsForgedPrivileges(operation: &quot;promote&quot;)" storage="f:\github\truckmate\submodules\featureflags\tests\sharpninja.featureflags.admin.blazor.tests\bin\debug\net10.0\sharpninja.featureflags.admin.blazor.tests.dll" id="13344583-3da5-7156-2ddb-40ca5d25569a">
      <Execution id="ead05cf3-8aa1-41ff-8eeb-0de34d4c85e5" />
      <TestMethod codeBase="F:\GitHub\TruckMate\submodules\FeatureFlags\tests\SharpNinja.FeatureFlags.Admin.Blazor.Tests\bin\Debug\net10.0\SharpNinja.FeatureFlags.Admin.Blazor.Tests.dll" adapterTypeName="executor://xunit/VsTestRunner3/netcore/" className="SharpNinja.FeatureFlags.Admin.Blazor.Tests.AdminAuthorizationBoundaryTests" name="AnonymousMutationRejectsForgedPrivileges" />
    </UnitTest>
    <UnitTest name="SharpNinja.FeatureFlags.Admin.Blazor.Tests.AdminAuthorizationBoundaryTests.AnonymousMutationRejectsForgedPrivileges(operation: &quot;publish&quot;)" storage="f:\github\truckmate\submodules\featureflags\tests\sharpninja.featureflags.admin.blazor.tests\bin\debug\net10.0\sharpninja.featureflags.admin.blazor.tests.dll" id="34454f86-914d-8409-3db8-0e7017244281">
      <Execution id="ef62e8e0-555d-41fb-9dd3-616e4bbbdfab" />
      <TestMethod codeBase="F:\GitHub\TruckMate\submodules\FeatureFlags\tests\SharpNinja.FeatureFlags.Admin.Blazor.Tests\bin\Debug\net10.0\SharpNinja.FeatureFlags.Admin.Blazor.Tests.dll" adapterTypeName="executor://xunit/VsTestRunner3/netcore/" className="SharpNinja.FeatureFlags.Admin.Blazor.Tests.AdminAuthorizationBoundaryTests" name="AnonymousMutationRejectsForgedPrivileges" />
    </UnitTest>
    <UnitTest name="SharpNinja.FeatureFlags.Admin.Blazor.Tests.AdminAuthorizationBoundaryTests.EveryAdminRouteRequiresAuthorization" storage="f:\github\truckmate\submodules\featureflags\tests\sharpninja.featureflags.admin.blazor.tests\bin\debug\net10.0\sharpninja.featureflags.admin.blazor.tests.dll" id="c2951603-d509-699e-2f9c-7a561968f3ec">
      <Execution id="7b1bd2bf-10c4-4638-b6fb-8bad56e45f2f" />
      <TestMethod codeBase="F:\GitHub\TruckMate\submodules\FeatureFlags\tests\SharpNinja.FeatureFlags.Admin.Blazor.Tests\bin\Debug\net10.0\SharpNinja.FeatureFlags.Admin.Blazor.Tests.dll" adapterTypeName="executor://xunit/VsTestRunner3/netcore/" className="SharpNinja.FeatureFlags.Admin.Blazor.Tests.AdminAuthorizationBoundaryTests" name="EveryAdminRouteRequiresAuthorization" />
    </UnitTest>
    <UnitTest name="SharpNinja.FeatureFlags.Admin.Blazor.Tests.AdminAuthorizationBoundaryTests.EditorCreateAuditsAuthenticatedActor" storage="f:\github\truckmate\submodules\featureflags\tests\sharpninja.featureflags.admin.blazor.tests\bin\debug\net10.0\sharpninja.featureflags.admin.blazor.tests.dll" id="0eaaad29-27fb-88d6-d41e-b68f33f986ad">
      <Execution id="cde0213f-e62b-4bbf-a650-17f0666c6922" />
      <TestMethod codeBase="F:\GitHub\TruckMate\submodules\FeatureFlags\tests\SharpNinja.FeatureFlags.Admin.Blazor.Tests\bin\Debug\net10.0\SharpNinja.FeatureFlags.Admin.Blazor.Tests.dll" adapterTypeName="executor://xunit/VsTestRunner3/netcore/" className="SharpNinja.FeatureFlags.Admin.Blazor.Tests.AdminAuthorizationBoundaryTests" name="EditorCreateAuditsAuthenticatedActor" />
    </UnitTest>
    <UnitTest name="SharpNinja.FeatureFlags.Admin.Blazor.Tests.AdminAuthorizationBoundaryTests.ViewerMutationRejectsForgedPrivileges(operation: &quot;update&quot;)" storage="f:\github\truckmate\submodules\featureflags\tests\sharpninja.featureflags.admin.blazor.tests\bin\debug\net10.0\sharpninja.featureflags.admin.blazor.tests.dll" id="fbd85794-a376-ba33-41e9-784c4e710424">
      <Execution id="e04748f4-0582-441b-9c05-b3ac7d5812ff" />
      <TestMethod codeBase="F:\GitHub\TruckMate\submodules\FeatureFlags\tests\SharpNinja.FeatureFlags.Admin.Blazor.Tests\bin\Debug\net10.0\SharpNinja.FeatureFlags.Admin.Blazor.Tests.dll" adapterTypeName="executor://xunit/VsTestRunner3/netcore/" className="SharpNinja.FeatureFlags.Admin.Blazor.Tests.AdminAuthorizationBoundaryTests" name="ViewerMutationRejectsForgedPrivileges" />
    </UnitTest>
    <UnitTest name="SharpNinja.FeatureFlags.Admin.Blazor.Tests.AdminAuthorizationBoundaryTests.ViewerMutationRejectsForgedPrivileges(operation: &quot;create&quot;)" storage="f:\github\truckmate\submodules\featureflags\tests\sharpninja.featureflags.admin.blazor.tests\bin\debug\net10.0\sharpninja.featureflags.admin.blazor.tests.dll" id="95d3abe3-11b7-f7b8-2ffa-e670a8c70f7e">
      <Execution id="cf9ab1dc-71e6-468a-8fde-37a2461c2b1d" />
      <TestMethod codeBase="F:\GitHub\TruckMate\submodules\FeatureFlags\tests\SharpNinja.FeatureFlags.Admin.Blazor.Tests\bin\Debug\net10.0\SharpNinja.FeatureFlags.Admin.Blazor.Tests.dll" adapterTypeName="executor://xunit/VsTestRunner3/netcore/" className="SharpNinja.FeatureFlags.Admin.Blazor.Tests.AdminAuthorizationBoundaryTests" name="ViewerMutationRejectsForgedPrivileges" />
    </UnitTest>
    <UnitTest name="SharpNinja.FeatureFlags.Admin.Blazor.Tests.AdminAuthorizationBoundaryTests.ViewerMutationRejectsForgedPrivileges(operation: &quot;publish&quot;)" storage="f:\github\truckmate\submodules\featureflags\tests\sharpninja.featureflags.admin.blazor.tests\bin\debug\net10.0\sharpninja.featureflags.admin.blazor.tests.dll" id="cc0121ba-0027-c455-e805-84e7cd0f0cfe">
      <Execution id="4d73d49f-e462-4de2-a74c-c7e17c529ac1" />
      <TestMethod codeBase="F:\GitHub\TruckMate\submodules\FeatureFlags\tests\SharpNinja.FeatureFlags.Admin.Blazor.Tests\bin\Debug\net10.0\SharpNinja.FeatureFlags.Admin.Blazor.Tests.dll" adapterTypeName="executor://xunit/VsTestRunner3/netcore/" className="SharpNinja.FeatureFlags.Admin.Blazor.Tests.AdminAuthorizationBoundaryTests" name="ViewerMutationRejectsForgedPrivileges" />
    </UnitTest>
    <UnitTest name="SharpNinja.FeatureFlags.Admin.Blazor.Tests.AdminAuthorizationBoundaryTests.AnonymousMutationRejectsForgedPrivileges(operation: &quot;update&quot;)" storage="f:\github\truckmate\submodules\featureflags\tests\sharpninja.featureflags.admin.blazor.tests\bin\debug\net10.0\sharpninja.featureflags.admin.blazor.tests.dll" id="3648846c-d177-c9f9-cf58-f2ac72b819d5">
      <Execution id="1975f0aa-5fcd-48c5-a7ca-c4212238e9f9" />
      <TestMethod codeBase="F:\GitHub\TruckMate\submodules\FeatureFlags\tests\SharpNinja.FeatureFlags.Admin.Blazor.Tests\bin\Debug\net10.0\SharpNinja.FeatureFlags.Admin.Blazor.Tests.dll" adapterTypeName="executor://xunit/VsTestRunner3/netcore/" className="SharpNinja.FeatureFlags.Admin.Blazor.Tests.AdminAuthorizationBoundaryTests" name="AnonymousMutationRejectsForgedPrivileges" />
    </UnitTest>
  </TestDefinitions>
  <TestEntries>
    <TestEntry testId="34454f86-914d-8409-3db8-0e7017244281" executionId="ef62e8e0-555d-41fb-9dd3-616e4bbbdfab" testListId="8c84fa94-04c1-424b-9868-57a2d4851a1d" />
    <TestEntry testId="fbd85794-a376-ba33-41e9-784c4e710424" executionId="e04748f4-0582-441b-9c05-b3ac7d5812ff" testListId="8c84fa94-04c1-424b-9868-57a2d4851a1d" />
    <TestEntry testId="0eaaad29-27fb-88d6-d41e-b68f33f986ad" executionId="cde0213f-e62b-4bbf-a650-17f0666c6922" testListId="8c84fa94-04c1-424b-9868-57a2d4851a1d" />
    <TestEntry testId="13344583-3da5-7156-2ddb-40ca5d25569a" executionId="ead05cf3-8aa1-41ff-8eeb-0de34d4c85e5" testListId="8c84fa94-04c1-424b-9868-57a2d4851a1d" />
    <TestEntry testId="aff81d43-af51-9d39-336e-5a6dbbdc4985" executionId="69e25f62-b63b-46a7-861f-3880a7b02ebb" testListId="8c84fa94-04c1-424b-9868-57a2d4851a1d" />
    <TestEntry testId="cc0121ba-0027-c455-e805-84e7cd0f0cfe" executionId="4d73d49f-e462-4de2-a74c-c7e17c529ac1" testListId="8c84fa94-04c1-424b-9868-57a2d4851a1d" />
    <TestEntry testId="ab48e55c-8dea-fed3-52e8-5eacb2281b2d" executionId="61a5316c-26d8-4311-a3b7-71aca822ef79" testListId="8c84fa94-04c1-424b-9868-57a2d4851a1d" />
    <TestEntry testId="3648846c-d177-c9f9-cf58-f2ac72b819d5" executionId="1975f0aa-5fcd-48c5-a7ca-c4212238e9f9" testListId="8c84fa94-04c1-424b-9868-57a2d4851a1d" />
    <TestEntry testId="95d3abe3-11b7-f7b8-2ffa-e670a8c70f7e" executionId="cf9ab1dc-71e6-468a-8fde-37a2461c2b1d" testListId="8c84fa94-04c1-424b-9868-57a2d4851a1d" />
    <TestEntry testId="c2951603-d509-699e-2f9c-7a561968f3ec" executionId="7b1bd2bf-10c4-4638-b6fb-8bad56e45f2f" testListId="8c84fa94-04c1-424b-9868-57a2d4851a1d" />
  </TestEntries>
  <TestLists>
    <TestList name="Results Not in a List" id="8c84fa94-04c1-424b-9868-57a2d4851a1d" />
    <TestList name="All Loaded Results" id="19431567-8539-422a-85d7-44ee4e166bda" />
  </TestLists>
  <ResultSummary outcome="Failed">
    <Counters total="10" executed="10" passed="0" failed="10" error="0" timeout="0" aborted="0" inconclusive="0" passedButRunAborted="0" notRunnable="0" notExecuted="0" disconnected="0" warning="0" completed="0" inProgress="0" pending="0" />
    <Output>
      <StdOut>[xUnit.net 00:00:00.00] xUnit.net VSTest Adapter v3.1.5+1b188a7b0a (64-bit .NET 10.0.12)&#xD;
[xUnit.net 00:00:00.11]   Discovering: SharpNinja.FeatureFlags.Admin.Blazor.Tests&#xD;
[xUnit.net 00:00:00.18]   Discovered:  SharpNinja.FeatureFlags.Admin.Blazor.Tests&#xD;
[xUnit.net 00:00:00.21]   Starting:    SharpNinja.FeatureFlags.Admin.Blazor.Tests&#xD;
[xUnit.net 00:00:00.31]       Assert.Throws() Failure: No exception was thrown&#xD;
[xUnit.net 00:00:00.31]       Expected: typeof(System.UnauthorizedAccessException)&#xD;
[xUnit.net 00:00:00.31]       Stack Trace:&#xD;
[xUnit.net 00:00:00.31]         F:\GitHub\TruckMate\submodules\FeatureFlags\tests\SharpNinja.FeatureFlags.Admin.Blazor.Tests\AdminAuthorizationBoundaryTests.cs(52,0): at SharpNinja.FeatureFlags.Admin.Blazor.Tests.AdminAuthorizationBoundaryTests.ViewerMutationRejectsForgedPrivileges(String operation)&#xD;
[xUnit.net 00:00:00.31]         --- End of stack trace from previous location ---&#xD;
[xUnit.net 00:00:00.32]       Assert.Throws() Failure: No exception was thrown&#xD;
[xUnit.net 00:00:00.32]       Expected: typeof(System.UnauthorizedAccessException)&#xD;
[xUnit.net 00:00:00.32]       Stack Trace:&#xD;
[xUnit.net 00:00:00.33]         F:\GitHub\TruckMate\submodules\FeatureFlags\tests\SharpNinja.FeatureFlags.Admin.Blazor.Tests\AdminAuthorizationBoundaryTests.cs(52,0): at SharpNinja.FeatureFlags.Admin.Blazor.Tests.AdminAuthorizationBoundaryTests.ViewerMutationRejectsForgedPrivileges(String operation)&#xD;
[xUnit.net 00:00:00.33]         --- End of stack trace from previous location ---&#xD;
[xUnit.net 00:00:00.33]       Assert.Throws() Failure: No exception was thrown&#xD;
[xUnit.net 00:00:00.33]       Expected: typeof(System.UnauthorizedAccessException)&#xD;
[xUnit.net 00:00:00.33]       Stack Trace:&#xD;
[xUnit.net 00:00:00.33]         F:\GitHub\TruckMate\submodules\FeatureFlags\tests\SharpNinja.FeatureFlags.Admin.Blazor.Tests\AdminAuthorizationBoundaryTests.cs(52,0): at SharpNinja.FeatureFlags.Admin.Blazor.Tests.AdminAuthorizationBoundaryTests.ViewerMutationRejectsForgedPrivileges(String operation)&#xD;
[xUnit.net 00:00:00.33]         --- End of stack trace from previous location ---&#xD;
[xUnit.net 00:00:00.33]       Assert.Throws() Failure: No exception was thrown&#xD;
[xUnit.net 00:00:00.33]       Expected: typeof(System.UnauthorizedAccessException)&#xD;
[xUnit.net 00:00:00.33]       Stack Trace:&#xD;
[xUnit.net 00:00:00.33]         F:\GitHub\TruckMate\submodules\FeatureFlags\tests\SharpNinja.FeatureFlags.Admin.Blazor.Tests\AdminAuthorizationBoundaryTests.cs(52,0): at SharpNinja.FeatureFlags.Admin.Blazor.Tests.AdminAuthorizationBoundaryTests.ViewerMutationRejectsForgedPrivileges(String operation)&#xD;
[xUnit.net 00:00:00.33]         --- End of stack trace from previous location ---&#xD;
[xUnit.net 00:00:00.33]       Assert.Throws() Failure: No exception was thrown&#xD;
[xUnit.net 00:00:00.33]       Expected: typeof(System.UnauthorizedAccessException)&#xD;
[xUnit.net 00:00:00.33]       Stack Trace:&#xD;
[xUnit.net 00:00:00.33]         F:\GitHub\TruckMate\submodules\FeatureFlags\tests\SharpNinja.FeatureFlags.Admin.Blazor.Tests\AdminAuthorizationBoundaryTests.cs(33,0): at SharpNinja.FeatureFlags.Admin.Blazor.Tests.AdminAuthorizationBoundaryTests.AnonymousMutationRejectsForgedPrivileges(String operation)&#xD;
[xUnit.net 00:00:00.33]         --- End of stack trace from previous location ---&#xD;
[xUnit.net 00:00:00.33]       Assert.Throws() Failure: No exception was thrown&#xD;
[xUnit.net 00:00:00.33]       Expected: typeof(System.UnauthorizedAccessException)&#xD;
[xUnit.net 00:00:00.33]       Stack Trace:&#xD;
[xUnit.net 00:00:00.33]         F:\GitHub\TruckMate\submodules\FeatureFlags\tests\SharpNinja.FeatureFlags.Admin.Blazor.Tests\AdminAuthorizationBoundaryTests.cs(33,0): at SharpNinja.FeatureFlags.Admin.Blazor.Tests.AdminAuthorizationBoundaryTests.AnonymousMutationRejectsForgedPrivileges(String operation)&#xD;
[xUnit.net 00:00:00.33]         --- End of stack trace from previous location ---&#xD;
[xUnit.net 00:00:00.33]       Assert.Throws() Failure: No exception was thrown&#xD;
[xUnit.net 00:00:00.33]       Expected: typeof(System.UnauthorizedAccessException)&#xD;
[xUnit.net 00:00:00.33]       Stack Trace:&#xD;
[xUnit.net 00:00:00.33]         F:\GitHub\TruckMate\submodules\FeatureFlags\tests\SharpNinja.FeatureFlags.Admin.Blazor.Tests\AdminAuthorizationBoundaryTests.cs(33,0): at SharpNinja.FeatureFlags.Admin.Blazor.Tests.AdminAuthorizationBoundaryTests.AnonymousMutationRejectsForgedPrivileges(String operation)&#xD;
[xUnit.net 00:00:00.33]         --- End of stack trace from previous location ---&#xD;
[xUnit.net 00:00:00.33]       Assert.Throws() Failure: No exception was thrown&#xD;
[xUnit.net 00:00:00.33]       Expected: typeof(System.UnauthorizedAccessException)&#xD;
[xUnit.net 00:00:00.33]       Stack Trace:&#xD;
[xUnit.net 00:00:00.33]         F:\GitHub\TruckMate\submodules\FeatureFlags\tests\SharpNinja.FeatureFlags.Admin.Blazor.Tests\AdminAuthorizationBoundaryTests.cs(33,0): at SharpNinja.FeatureFlags.Admin.Blazor.Tests.AdminAuthorizationBoundaryTests.AnonymousMutationRejectsForgedPrivileges(String operation)&#xD;
[xUnit.net 00:00:00.33]         --- End of stack trace from previous location ---&#xD;
[xUnit.net 00:00:00.33]       Assert.All() Failure: 9 out of 9 items in the collection did not pass.&#xD;
[xUnit.net 00:00:00.33]       [0]: Item:  typeof(SharpNinja.FeatureFlags.Admin.Blazor.Components.Pages.AuditTrail)&#xD;
[xUnit.net 00:00:00.33]            Error: Assert.NotEmpty() Failure: Collection was empty&#xD;
[xUnit.net 00:00:00.33]       [1]: Item:  typeof(SharpNinja.FeatureFlags.Admin.Blazor.Components.Pages.Dashboard)&#xD;
[xUnit.net 00:00:00.33]            Error: Assert.NotEmpty() Failure: Collection was empty&#xD;
[xUnit.net 00:00:00.33]       [2]: Item:  typeof(SharpNinja.FeatureFlags.Admin.Blazor.Components.Pages.FlagCreate)&#xD;
[xUnit.net 00:00:00.33]            Error: Assert.NotEmpty() Failure: Collection was empty&#xD;
[xUnit.net 00:00:00.33]       [3]: Item:  typeof(SharpNinja.FeatureFlags.Admin.Blazor.Components.Pages.FlagEdit)&#xD;
[xUnit.net 00:00:00.33]            Error: Assert.NotEmpty() Failure: Collection was empty&#xD;
[xUnit.net 00:00:00.33]       [4]: Item:  typeof(SharpNinja.FeatureFlags.Admin.Blazor.Components.Pages.FlagList)&#xD;
[xUnit.net 00:00:00.33]            Error: Assert.NotEmpty() Failure: Collection was empty&#xD;
[xUnit.net 00:00:00.33]       [5]: Item:  typeof(SharpNinja.FeatureFlags.Admin.Blazor.Components.Pages.FlagPromote)&#xD;
[xUnit.net 00:00:00.33]            Error: Assert.NotEmpty() Failure: Collection was empty&#xD;
[xUnit.net 00:00:00.33]       [6]: Item:  typeof(SharpNinja.FeatureFlags.Admin.Blazor.Components.Pages.FlagPublish)&#xD;
[xUnit.net 00:00:00.33]            Error: Assert.NotEmpty() Failure: Collection was empty&#xD;
[xUnit.net 00:00:00.33]       [7]: Item:  typeof(SharpNinja.FeatureFlags.Admin.Blazor.Components.Pages.Metrics)&#xD;
[xUnit.net 00:00:00.33]            Error: Assert.NotEmpty() Failure: Collection was empty&#xD;
[xUnit.net 00:00:00.33]       [8]: Item:  typeof(SharpNinja.FeatureFlags.Admin.Blazor.Components.Pages.Rbac)&#xD;
[xUnit.net 00:00:00.33]            Error: Assert.NotEmpty() Failure: Collection was empty&#xD;
[xUnit.net 00:00:00.33]       Stack Trace:&#xD;
[xUnit.net 00:00:00.33]         F:\GitHub\TruckMate\submodules\FeatureFlags\tests\SharpNinja.FeatureFlags.Admin.Blazor.Tests\AdminAuthorizationBoundaryTests.cs(83,0): at SharpNinja.FeatureFlags.Admin.Blazor.Tests.AdminAuthorizationBoundaryTests.EveryAdminRouteRequiresAuthorization()&#xD;
[xUnit.net 00:00:00.33]            at System.Reflection.MethodBaseInvoker.InterpretedInvoke_Method(Object obj, IntPtr* args)&#xD;
[xUnit.net 00:00:00.33]            at System.Reflection.MethodBaseInvoker.InvokeWithNoArgs(Object obj, BindingFlags invokeAttr)&#xD;
[xUnit.net 00:00:00.37]       Assert.Equal() Failure: Strings differ&#xD;
[xUnit.net 00:00:00.37]                  ↓ (pos 0)&#xD;
[xUnit.net 00:00:00.37]       Expected: "real-editor"&#xD;
[xUnit.net 00:00:00.37]       Actual:   "forged-editor"&#xD;
[xUnit.net 00:00:00.37]                  ↑ (pos 0)&#xD;
[xUnit.net 00:00:00.37]       Stack Trace:&#xD;
[xUnit.net 00:00:00.37]         F:\GitHub\TruckMate\submodules\FeatureFlags\tests\SharpNinja.FeatureFlags.Admin.Blazor.Tests\AdminAuthorizationBoundaryTests.cs(67,0): at SharpNinja.FeatureFlags.Admin.Blazor.Tests.AdminAuthorizationBoundaryTests.EditorCreateAuditsAuthenticatedActor()&#xD;
[xUnit.net 00:00:00.37]         --- End of stack trace from previous location ---&#xD;
[xUnit.net 00:00:00.37]   Finished:    SharpNinja.FeatureFlags.Admin.Blazor.Tests&#xD;
</StdOut>
    </Output>
    <RunInfos>
      <RunInfo computerName="PAYTON-LEGION2" outcome="Error" timestamp="2026-09-20T03:41:49.0995598-05:00">
        <Text>[xUnit.net 00:00:00.31]     SharpNinja.FeatureFlags.Admin.Blazor.Tests.AdminAuthorizationBoundaryTests.ViewerMutationRejectsForgedPrivileges(operation: "update") [FAIL]</Text>
      </RunInfo>
      <RunInfo computerName="PAYTON-LEGION2" outcome="Error" timestamp="2026-09-20T03:41:49.1157051-05:00">
        <Text>[xUnit.net 00:00:00.32]     SharpNinja.FeatureFlags.Admin.Blazor.Tests.AdminAuthorizationBoundaryTests.ViewerMutationRejectsForgedPrivileges(operation: "create") [FAIL]</Text>
      </RunInfo>
      <RunInfo computerName="PAYTON-LEGION2" outcome="Error" timestamp="2026-09-20T03:41:49.1166669-05:00">
        <Text>[xUnit.net 00:00:00.33]     SharpNinja.FeatureFlags.Admin.Blazor.Tests.AdminAuthorizationBoundaryTests.ViewerMutationRejectsForgedPrivileges(operation: "promote") [FAIL]</Text>
      </RunInfo>
      <RunInfo computerName="PAYTON-LEGION2" outcome="Error" timestamp="2026-09-20T03:41:49.1170420-05:00">
        <Text>[xUnit.net 00:00:00.33]     SharpNinja.FeatureFlags.Admin.Blazor.Tests.AdminAuthorizationBoundaryTests.ViewerMutationRejectsForgedPrivileges(operation: "publish") [FAIL]</Text>
      </RunInfo>
      <RunInfo computerName="PAYTON-LEGION2" outcome="Error" timestamp="2026-09-20T03:41:49.1186350-05:00">
        <Text>[xUnit.net 00:00:00.33]     SharpNinja.FeatureFlags.Admin.Blazor.Tests.AdminAuthorizationBoundaryTests.AnonymousMutationRejectsForgedPrivileges(operation: "update") [FAIL]</Text>
      </RunInfo>
      <RunInfo computerName="PAYTON-LEGION2" outcome="Error" timestamp="2026-09-20T03:41:49.1189344-05:00">
        <Text>[xUnit.net 00:00:00.33]     SharpNinja.FeatureFlags.Admin.Blazor.Tests.AdminAuthorizationBoundaryTests.AnonymousMutationRejectsForgedPrivileges(operation: "create") [FAIL]</Text>
      </RunInfo>
      <RunInfo computerName="PAYTON-LEGION2" outcome="Error" timestamp="2026-09-20T03:41:49.1192978-05:00">
        <Text>[xUnit.net 00:00:00.33]     SharpNinja.FeatureFlags.Admin.Blazor.Tests.AdminAuthorizationBoundaryTests.AnonymousMutationRejectsForgedPrivileges(operation: "promote") [FAIL]</Text>
      </RunInfo>
      <RunInfo computerName="PAYTON-LEGION2" outcome="Error" timestamp="2026-09-20T03:41:49.1197296-05:00">
        <Text>[xUnit.net 00:00:00.33]     SharpNinja.FeatureFlags.Admin.Blazor.Tests.AdminAuthorizationBoundaryTests.AnonymousMutationRejectsForgedPrivileges(operation: "publish") [FAIL]</Text>
      </RunInfo>
      <RunInfo computerName="PAYTON-LEGION2" outcome="Error" timestamp="2026-09-20T03:41:49.1203391-05:00">
        <Text>[xUnit.net 00:00:00.33]     SharpNinja.FeatureFlags.Admin.Blazor.Tests.AdminAuthorizationBoundaryTests.EveryAdminRouteRequiresAuthorization [FAIL]</Text>
      </RunInfo>
      <RunInfo computerName="PAYTON-LEGION2" outcome="Error" timestamp="2026-09-20T03:41:49.2008507-05:00">
        <Text>[xUnit.net 00:00:00.36]     SharpNinja.FeatureFlags.Admin.Blazor.Tests.AdminAuthorizationBoundaryTests.EditorCreateAuditsAuthenticatedActor [FAIL]</Text>
      </RunInfo>
    </RunInfos>
  </ResultSummary>
</TestRun>